<?xml version="1.0" encoding="UTF-8"?>
<!-- Generated by org.testng.reporters.JUnitReportReporter -->
<testsuite skipped="0" hostname="ip-172-31-91-3" name="test.LoginTest" tests="2" failures="0" timestamp="2021-10-28T06:55:54 UTC" time="9.767" errors="0">
  <testcase name="negetivelogin" time="5.713" classname="test.LoginTest"/>
  <system-out/>
  <testcase name="positivelogin" time="4.054" classname="test.LoginTest"/>
  <system-out/>
</testsuite> <!-- test.LoginTest -->
